<?xml version="1.0" encoding="UTF-8"?>
<dataset>
    <ConversionRate id="1" fromCurrency="CHF" country="LI" toCurrency="EUR" buyRate="1" sellRate="1"
                    changedDate="2016-01-01 10:10" parsedDate="2016-01-01"/>
    <ConversionRate id="2" fromCurrency="CHF" country="LI" toCurrency="EUR" buyRate="1" sellRate="1"
                    changedDate="2016-01-01 10:10" parsedDate="2016-01-01"/>
    <ConversionRate id="3" fromCurrency="CHF" country="LI" toCurrency="EUR" buyRate="1" sellRate="1"
                    changedDate="2016-01-01 10:10" parsedDate="2016-01-01"/>
    <ConversionRate id="4" fromCurrency="CHF" country="LI" toCurrency="EUR" buyRate="1" sellRate="1"
                    changedDate="2016-01-01 10:10" parsedDate="2016-01-01"/>
</dataset>